#######################################################################################
# log primitive debug message of FSDB dumping                                         #
# This is for R&D to analyze when there are issues happening when FSDB dump           #
#######################################################################################
ANF: vcsd_get_serial_mode_status('./simv: undefined symbol: vcsd_get_serial_mode_status')
ANF: vcsd_enable_sva_success_callback('./simv: undefined symbol: vcsd_enable_sva_success_callback')
ANF: vcsd_disable_sva_success_callback('./simv: undefined symbol: vcsd_disable_sva_success_callback')
ANF: vcsd_get_power_scope_name('./simv: undefined symbol: vcsd_get_power_scope_name')
ANF: vcsd_begin_no_value_var_info('./simv: undefined symbol: vcsd_begin_no_value_var_info')
ANF: vcsd_end_no_value_var_info('./simv: undefined symbol: vcsd_end_no_value_var_info')
ANF: vcsd_remove_xprop_merge_mode_callback('./simv: undefined symbol: vcsd_remove_xprop_merge_mode_callback')
ANF: vhpi_get_cb_info('./simv: undefined symbol: vhpi_get_cb_info')
ANF: vhpi_free_handle('./simv: undefined symbol: vhpi_free_handle')
ANF: vhpi_fetch_vcsd_handle('./simv: undefined symbol: vhpi_fetch_vcsd_handle')
ANF: vhpi_fetch_vpi_handle('./simv: undefined symbol: vhpi_fetch_vpi_handle')
ANF: vhpi_has_verilog_parent('./simv: undefined symbol: vhpi_has_verilog_parent')
ANF: vhpi_is_verilog_scope('./simv: undefined symbol: vhpi_is_verilog_scope')
ANF: scsd_xprop_is_enabled('./simv: undefined symbol: scsd_xprop_is_enabled')
ANF: scsd_xprop_sig_is_promoted('./simv: undefined symbol: scsd_xprop_sig_is_promoted')
ANF: scsd_xprop_int_xvalue('./simv: undefined symbol: scsd_xprop_int_xvalue')
ANF: scsd_xprop_bool_xvalue('./simv: undefined symbol: scsd_xprop_bool_xvalue')
ANF: scsd_xprop_enum_xvalue('./simv: undefined symbol: scsd_xprop_enum_xvalue')
ANF: scsd_xprop_register_merge_mode_cb('./simv: undefined symbol: scsd_xprop_register_merge_mode_cb')
ANF: scsd_xprop_delete_merge_mode_cb('./simv: undefined symbol: scsd_xprop_delete_merge_mode_cb')
ANF: scsd_xprop_get_merge_mode('./simv: undefined symbol: scsd_xprop_get_merge_mode')
ANF: scsd_thread_get_info('./simv: undefined symbol: scsd_thread_get_info')
ANF: scsd_thread_vc_init('./simv: undefined symbol: scsd_thread_vc_init')
ANF: scsd_master_set_delta_sync_cbk('./simv: undefined symbol: scsd_master_set_delta_sync_cbk')
ANF: scsd_fgp_get_fsdb_cores('./simv: undefined symbol: scsd_fgp_get_fsdb_cores')
ANF: msvEnableDumpingMode('./simv: undefined symbol: msvEnableDumpingMode')
ANF: msvGetVersion('./simv: undefined symbol: msvGetVersion')
ANF: msvGetInstProp('./simv: undefined symbol: msvGetInstProp')
ANF: msvIsSpiceEngineReady('./simv: undefined symbol: msvIsSpiceEngineReady')
ANF: msvSetAddProbeCallback('./simv: undefined symbol: msvSetAddProbeCallback')
ANF: msvGetInstHandle('./simv: undefined symbol: msvGetInstHandle')
ANF: msvGetProbeByInst('./simv: undefined symbol: msvGetProbeByInst')
ANF: msvGetSigHandle('./simv: undefined symbol: msvGetSigHandle')
ANF: msvGetProbeBySig('./simv: undefined symbol: msvGetProbeBySig')
ANF: msvGetProbeInfo('./simv: undefined symbol: msvGetProbeInfo')
ANF: msvRelease('./simv: undefined symbol: msvRelease')
ANF: msvSetVcCallbackFunc('./simv: undefined symbol: msvSetVcCallbackFunc')
ANF: msvCheckVcCallback('./simv: undefined symbol: msvCheckVcCallback')
ANF: msvAddVcCallback('./simv: undefined symbol: msvAddVcCallback')
ANF: msvRemoveVcCallback('./simv: undefined symbol: msvRemoveVcCallback')
ANF: msvGetLatestValue('./simv: undefined symbol: msvGetLatestValue')
ANF: msvSetEndofSimCallback('./simv: undefined symbol: msvSetEndofSimCallback')
ANF: msvIgnoredProbe('./simv: undefined symbol: msvIgnoredProbe')
ANF: msvGetThruNetInfo('./simv: undefined symbol: msvGetThruNetInfo')
ANF: msvFreeThruNetInfo('./simv: undefined symbol: msvFreeThruNetInfo')
ANF: PI_ace_get_output_time_unit('./simv: undefined symbol: PI_ace_get_output_time_unit')
ANF: PI_ace_sim_sync('./simv: undefined symbol: PI_ace_sim_sync')
ANF: msvGetRereadInitFile('./simv: undefined symbol: msvGetRereadInitFile')
ANF: msvSetBeforeRereadCallback('./simv: undefined symbol: msvSetBeforeRereadCallback')
ANF: msvSetAfterRereadCallback('./simv: undefined symbol: msvSetAfterRereadCallback')
ANF: msvSetForceCallback('./simv: undefined symbol: msvSetForceCallback')
ANF: msvSetReleaseCallback('./simv: undefined symbol: msvSetReleaseCallback')
ANF: msvGetForceStatus('./simv: undefined symbol: msvGetForceStatus')
ANF: vhdi_dt_get_type('./simv: undefined symbol: vhdi_dt_get_type')
ANF: vhdi_dt_get_key('./simv: undefined symbol: vhdi_dt_get_key')
ANF: vhdi_dt_get_vhdl_enum_info('./simv: undefined symbol: vhdi_dt_get_vhdl_enum_info')
ANF: vhdi_dt_get_vhdl_physical_info('./simv: undefined symbol: vhdi_dt_get_vhdl_physical_info')
ANF: vhdi_dt_get_vhdl_array_info('./simv: undefined symbol: vhdi_dt_get_vhdl_array_info')
ANF: vhdi_dt_get_vhdl_record_info('./simv: undefined symbol: vhdi_dt_get_vhdl_record_info')
ANF: vhdi_def_traverse_module('./simv: undefined symbol: vhdi_def_traverse_module')
ANF: vhdi_def_traverse_scope('./simv: undefined symbol: vhdi_def_traverse_scope')
ANF: vhdi_def_traverse_variable('./simv: undefined symbol: vhdi_def_traverse_variable')
ANF: vhdi_def_get_module_id_by_vhpi('./simv: undefined symbol: vhdi_def_get_module_id_by_vhpi')
ANF: vhdi_def_get_handle_by_module_id('./simv: undefined symbol: vhdi_def_get_handle_by_module_id')
ANF: vhdi_def_get_variable_info_by_vhpi('./simv: undefined symbol: vhdi_def_get_variable_info_by_vhpi')
ANF: vhdi_def_free('./simv: undefined symbol: vhdi_def_free')
ANF: vhdi_ist_traverse_scope('./simv: undefined symbol: vhdi_ist_traverse_scope')
ANF: vhdi_ist_traverse_variable('./simv: undefined symbol: vhdi_ist_traverse_variable')
ANF: vhdi_ist_convert_by_vhpi('./simv: undefined symbol: vhdi_ist_convert_by_vhpi')
ANF: vhdi_ist_clone('./simv: undefined symbol: vhdi_ist_clone')
ANF: vhdi_ist_free('./simv: undefined symbol: vhdi_ist_free')
ANF: vhdi_ist_hash_key('./simv: undefined symbol: vhdi_ist_hash_key')
ANF: vhdi_ist_compare('./simv: undefined symbol: vhdi_ist_compare')
ANF: vhdi_ist_get_value_addr('./simv: undefined symbol: vhdi_ist_get_value_addr')
ANF: vhdi_set_scsd_callback('./simv: undefined symbol: vhdi_set_scsd_callback')
ANF: vhdi_cbk_set_force_callback('./simv: undefined symbol: vhdi_cbk_set_force_callback')
ANF: vhdi_trigger_init_force('./simv: undefined symbol: vhdi_trigger_init_force')
ANF: vhdi_ist_check_scsd_callback('./simv: undefined symbol: vhdi_ist_check_scsd_callback')
ANF: vhdi_ist_add_scsd_callback('./simv: undefined symbol: vhdi_ist_add_scsd_callback')
ANF: vhdi_ist_remove_scsd_callback('./simv: undefined symbol: vhdi_ist_remove_scsd_callback')
ANF: vhdi_ist_get_scsd_user_data('./simv: undefined symbol: vhdi_ist_get_scsd_user_data')
ANF: vhdi_add_time_change_callback('./simv: undefined symbol: vhdi_add_time_change_callback')
ANF: vhdi_get_real_value_by_value_addr('./simv: undefined symbol: vhdi_get_real_value_by_value_addr')
ANF: vhdi_get_64_value_by_value_addr('./simv: undefined symbol: vhdi_get_64_value_by_value_addr')
ANF: vhdi_xprop_inst_is_promoted('./simv: undefined symbol: vhdi_xprop_inst_is_promoted')
ANF: vdi_ist_convert_by_vhdi('./simv: undefined symbol: vdi_ist_convert_by_vhdi')
ANF: vhdi_ist_get_module_id('./simv: undefined symbol: vhdi_ist_get_module_id')
ANF: vhdi_refine_foreign_scope_type('./simv: undefined symbol: vhdi_refine_foreign_scope_type')
ANF: vhdi_flush_callback('./simv: undefined symbol: vhdi_flush_callback')
ANF: vhdi_set_orig_name('./simv: undefined symbol: vhdi_set_orig_name')
ANF: vhdi_set_dump_pt('./simv: undefined symbol: vhdi_set_dump_pt')
ANF: vhdi_get_fsdb_option('./simv: undefined symbol: vhdi_get_fsdb_option')
ANF: vhdi_fgp_get_mode('./simv: undefined symbol: vhdi_fgp_get_mode')
ANF: vhdi_node_register_composite_var('./simv: undefined symbol: vhdi_node_register_composite_var')
ANF: vhdi_node_analysis('./simv: undefined symbol: vhdi_node_analysis')
ANF: vhdi_node_id('./simv: undefined symbol: vhdi_node_id')
ANF: vhdi_node_ist_check_scsd_callback('./simv: undefined symbol: vhdi_node_ist_check_scsd_callback')
ANF: vhdi_node_ist_add_scsd_callback('./simv: undefined symbol: vhdi_node_ist_add_scsd_callback')
ANF: vhdi_node_ist_get_value_addr('./simv: undefined symbol: vhdi_node_ist_get_value_addr')
VCS compile option:
 option[0]: ./simv
 option[1]: +UVM_TESTNAME=apb_sanity
 option[2]: -l
 option[3]: sim.log
 option[4]: /home/ydh/synopsys/vcs/O-2018.09-SP2/linux64/bin/vcs1
 option[5]: -Mcc=gcc
 option[6]: -Mcplusplus=g++
 option[7]: -Masflags=
 option[8]: -Mcfl= -pipe -DVCS -DUVM_DPI_DO_TYPE_CHECK -fPIC -O -I/home/ydh/synopsys/vcs/O-2018.09-SP2/include 
 option[9]: -Mxcflags= -pipe -DVCS -DUVM_DPI_DO_TYPE_CHECK -fPIC -I/home/ydh/synopsys/vcs/O-2018.09-SP2/include
 option[10]: -Mldflags= -rdynamic 
 option[11]: -Mout=simv
 option[12]: -Mamsrun=
 option[13]: -Mvcsaceobjs=
 option[14]: -Mobjects= /home/ydh/synopsys/vcs/O-2018.09-SP2/linux64/lib/libvirsim.so /home/ydh/synopsys/vcs/O-2018.09-SP2/linux64/lib/liberrorinf.so /home/ydh/synopsys/vcs/O-2018.09-SP2/linux64/lib/libsnpsmalloc.so /home/ydh/synopsys/vcs/O-2018.09-SP2/linux64/lib/libvfs.so /home/ydh/synopsys/verdi/Verdi_O-2018.09-SP2/share/PLI/VCS/LINUX64/pli.a 
 option[15]: -Mexternalobj=
 option[16]: -Msaverestoreobj=/home/ydh/synopsys/vcs/O-2018.09-SP2/linux64/lib/vcs_save_restore_new.o
 option[17]: -Mcrt0=
 option[18]: -Mcrtn=
 option[19]: -Mcsrc=/home/ydh/synopsys/vcs/O-2018.09-SP2/etc/uvm-1.2/dpi/uvm_dpi.cc /home/ydh/synopsys/vcs/O-2018.09-SP2/etc/uvm-1.2/verdi/dpi/uvm_verdi_dpi.cpp 
 option[20]: -Msyslibs=/home/ydh/synopsys/verdi/Verdi_O-2018.09-SP2/share/PLI/VCS/LINUX64/pli.a -ldl -lm 
 option[21]: -l
 option[22]: cmp.log
 option[23]: +define+UVM_VERDI_VIF_RECORD
 option[24]: +define+UVM_VCS_RECORD
 option[25]: +incdir+/home/ydh/synopsys/vcs/O-2018.09-SP2/etc/uvm-1.2/vcs
 option[26]: /home/ydh/synopsys/vcs/O-2018.09-SP2/etc/uvm-1.2/uvm_pkg.sv
 option[27]: /home/ydh/synopsys/vcs/O-2018.09-SP2/etc/uvm-1.2/vcs/uvm_custom_install_vcs_recorder.sv
 option[28]: +incdir+/home/ydh/synopsys/vcs/O-2018.09-SP2/etc/uvm-1.2/verdi
 option[29]: /home/ydh/synopsys/vcs/O-2018.09-SP2/etc/uvm-1.2/verdi/uvm_custom_install_verdi_recorder.sv
 option[30]: -full64
 option[31]: -ntb_opts
 option[32]: uvm-1.2
 option[33]: +incdir+/home/ydh/synopsys/vcs/O-2018.09-SP2/etc/uvm-1.2/
 option[34]: -o
 option[35]: simv
 option[36]: -debug_access+all
 option[37]: +vpi
 option[38]: +vcsd1
 option[39]: +itf+/home/ydh/synopsys/vcs/O-2018.09-SP2/linux64/lib/vcsdp_lite.tab
 option[40]: -kdb
 option[41]: -Xufe=2steps
 option[42]: -lca
 option[43]: -timescale=1ns/1ps
 option[44]: -P
 option[45]: /home/ydh/synopsys/verdi/Verdi_O-2018.09-SP2/share/PLI/VCS/LINUX64/novas.tab
 option[46]: -picarchive
 option[47]: -P
 option[48]: /home/ydh/synopsys/verdi/Verdi_O-2018.09-SP2/share/PLI/VCS/LINUX64/verdi.tab
 option[49]: -fsdb
 option[50]: -sverilog
 option[51]: -gen_obj
 option[52]: -f
 option[53]: tb.f
 option[54]: -load
 option[55]: /home/ydh/synopsys/verdi/Verdi_O-2018.09-SP2/share/PLI/VCS/LINUX64/libnovas.so:FSDBDumpCmd
 option[56]: timescale=1ns/1ps
Chronologic Simulation VCS Release O-2018.09-SP2_Full64
Linux 3.10.0-1062.el7.x86_64 #1 SMP Wed Aug 7 18:08:02 UTC 2019 x86_64
CPU cores: 3
Limit information:
======================================
cputime		unlimited
filesize		unlimited
datasize		unlimited
stacksize		8250 kbytes
coredumpsize		0 kbytes
memoryuse		unlimited
vmemoryuse		unlimited
descriptors		4096
memorylocked		64 kbytes
maxproc		4096
======================================
(Special)Runtime environment variables:

Runtime environment variables:
DESKTOP_SESSION=gnome-classic
XDG_SESSION_TYPE=x11
XAUTHORITY=/run/gdm/auth-for-ydh-QoTgQw/database
GDMSESSION=gnome-classic
XMODIFIERS=@im=ibus
SHELL=/bin/csh
GDM_LANG=en_US.UTF-8
VTE_VERSION=5202
USERNAME=ydh
DVE_HOME=/home/ydh/synopsys/vcs/O-2018.09-SP2
XDG_DATA_DIRS=/home/ydh/.local/share/flatpak/exports/share/:/var/lib/flatpak/exports/share/:/usr/local/share/:/usr/share/
DBUS_SESSION_BUS_ADDRESS=unix:abstract=/tmp/dbus-spptyDY3Ql,guid=ff160d5eaf6198e6d65dbdf364cf485d
MACHTYPE=x86_64
QT_PLUGIN_PATH=/usr/lib64/kde4/plugins:/usr/lib/kde4/plugins
PATH=/home/ydh/synopsys/scl/2018.06/linux64/bin:/home/ydh/synopsys/verdi/Verdi_O-2018.09-SP2/bin:/home/ydh/synopsys/vcs/O-2018.09-SP2/bin:/home/ydh/synopsys/vcs/O-2018.09-SP2/gui/dve/bin:/usr/local/bin:/usr/local/sbin:/usr/bin:/usr/sbin:/bin:/sbin
LM_LICENSE_FILE=27000@localhost.localdomain
SESSION_MANAGER=local/unix:@/tmp/.ICE-unix/2566,unix/unix:/tmp/.ICE-unix/2566
XDG_RUNTIME_DIR=/run/user/1000
VENDOR=unknown
XDG_MENU_PREFIX=gnome-
LS_COLORS=di=33:fi=0:ln=36:pi=5:so=5:bd=5:cd=5:or=31;05:mi=31:ex=32:*.log=34
XDG_SESSION_DESKTOP=gnome-classic
SSH_AUTH_SOCK=/run/user/1000/keyring/ssh
KDEDIRS=/usr
DISPLAY=:0
IMSETTINGS_INTEGRATE_DESKTOP=yes
VCS_HOME=/home/ydh/synopsys/vcs/O-2018.09-SP2
PWD=/home/ydh/amba_vip/svk/vip/examples/apb
XDG_SEAT=seat0
SSH_AGENT_PID=2560
VERDI_HOME=/home/ydh/synopsys/verdi/Verdi_O-2018.09-SP2
HOME=/home/ydh
LD_LIBRARY_PATH=/home/ydh/synopsys/verdi/Verdi_O-2018.09-SP2/share/PLI/VCS/LINUX64
LOGNAME=ydh
GNOME_DESKTOP_SESSION_ID=this-is-deprecated
HOSTNAME=localhost.localdomain
XDG_VTNR=1
COLORTERM=truecolor
QT_IM_MODULE=ibus
OSTYPE=linux
VCS_ARCH_OVERRIDE=linux
SHLVL=2
GNOME_SHELL_SESSION_MODE=classic
CLICOLORS=true
XDG_SESSION_ID=1
USER=ydh
XDG_CURRENT_DESKTOP=GNOME-Classic:GNOME
VCS_MX_HOME=/home/ydh/synopsys/vcs-mx/O-2018.09-SP2
IMSETTINGS_MODULE=none
MAKEFLAGS=
MFLAGS=
SCL_HOME=/home/ydh/synopsys/scl/2018.06
HOSTTYPE=x86_64-linux
GNOME_TERMINAL_SCREEN=/org/gnome/Terminal/screen/a1b1ed8f_02fc_452a_862d_5e3cdfe18b46
GNOME_TERMINAL_SERVICE=:1.105
GROUP=ydh
WINDOWPATH=1
LANG=en_US.UTF-8
TERM=xterm-256color
HOST=localhost.localdomain
MAKELEVEL=1
VCS_HEAP_EXEC=true
VCS_PATHMAP_PRELOAD_DONE=1
VCS_STACK_EXEC=true
VCS_EXEC_DONE=1
LC_ALL=C
DVE=/home/ydh/synopsys/vcs/O-2018.09-SP2/gui/dve
SPECMAN_OUTPUT_TO_TTY=1
Runtime command line arguments:
argv[0]=./simv
argv[1]=+UVM_TESTNAME=apb_sanity
argv[2]=-l
argv[3]=sim.log
253 profile - 100
          CPU/Mem usage: 0.090 sys,  1.640 user,  232.62M mem
254 Sun Aug  6 16:58:03 2023
255 pliAppInit
256 FSDB_GATE is set.
257 FSDB_RTL is set.
258 Enable Parallel Dumping.
259 pliAppMiscSet: New Sim Round
260 pliEntryInit
261 LIBSSCORE=found /home/ydh/synopsys/verdi/Verdi_O-2018.09-SP2/share/PLI/lib/LINUXAMD64/libsscore_vcs201809.so through $NOVAS_HOME setting.
262 FSDB Dumper for VCS, Release Verdi_O-2018.09-SP2, Linux x86_64/64bit, 02/21/2019
263 (C) 1996 - 2019 by Synopsys, Inc.
264 sps_call_fsdbDumpfile_main at 0 : top.sv(39)
265 argv[0]: (apb_test.fsdb)
266 *Verdi* : Create FSDB file 'apb_test.fsdb'
267 compile option from '/home/ydh/amba_vip/svk/vip/examples/apb/simv.daidir/vcs_rebuild'.
268   "vcs '-full64' '-sverilog' '-ntb_opts' 'uvm-1.2' '-f' 'tb.f' '-l' 'cmp.log' '-o' 'simv' '-debug_access+all' '-kdb' '-lca' '-timescale=1ns/1ps' '-P' '/home/ydh/synopsys/verdi/Verdi_O-2018.09-SP2/share/PLI/VCS/LINUX64/novas.tab' '/home/ydh/synopsys/verdi/Verdi_O-2018.09-SP2/share/PLI/VCS/LINUX64/pli.a' 2>&1"
269 FSDB_VCS_ENABLE_FAST_VC is enable
270 sps_call_fsdbDumpvars_vd_main at 0 : top.sv(40)
271 argv[0]: (handle) harness
272 argv[1]: (0)
273 argv[2]: (+all)
274 [spi_vcs_vd_ppi_create_root]: no upf option
275 FSDB dumper cannot dump UPF related power signal ($power_tree): no ppiPowerNetwork.
276 *Verdi* : Begin traversing the scope (harness), layer (0).
277 *Verdi* : Enable +all dumping.
278 *Verdi* : End of traversing.
279 pliAppHDL_DumpVarComplete traverse var: profile - 
          CPU/Mem usage: 0.100 sys,  1.670 user,  325.41M mem
                   incr: 0.000 sys,  0.020 user,  4.98M mem
                   accu: 0.000 sys,  0.020 user,  4.98M mem
              accu incr: 0.000 sys,  0.020 user,  4.98M mem

          Count usage: 1474 var,  1474 idcode,  1474 callback
                 incr: 1474 var,  1474 idcode,  1474 callback
                 accu: 1474 var,  1474 idcode,  1474 callback
            accu incr: 1474 var,  1474 idcode,  1474 callback
280 Sun Aug  6 16:58:03 2023
281 pliAppHDL_DumpVarComplete: profile - 
          CPU/Mem usage: 0.100 sys,  1.670 user,  326.46M mem
                   incr: 0.000 sys,  0.000 user,  1.05M mem
                   accu: 0.000 sys,  0.020 user,  6.04M mem
              accu incr: 0.000 sys,  0.000 user,  1.05M mem

          Count usage: 1474 var,  1474 idcode,  1474 callback
                 incr: 0 var,  0 idcode,  0 callback
                 accu: 1474 var,  1474 idcode,  1474 callback
            accu incr: 0 var,  0 idcode,  0 callback
282 Sun Aug  6 16:58:03 2023
283 sps_call_fsdbDumpon_vd_main at 0 : top.sv(41)
284 *Verdi* : fsdbDumpon - All FSDB files at 0 ps.
285 End of simulation at 905000
286 Sun Aug  6 16:58:03 2023
287 Begin FSDB profile info:
288 FSDB Writer : bc1(2444) bcn(1807) mtf/stf(0/0)
FSDB Writer elapsed time : flush(0.016569) io wait(0.000000) theadpool wait(0.000000) target functin(0.000000)
FSDB Writer cpu time : MT Compression : 0
289 End FSDB profile info
290 Parallel profile    -  Flush:4 Expand:0 ProduceWait:0 ConsumerWait:0 BlockUsed:0
291                        ProduceTime:2.051466619 ConsumerTime:0.000000000 Buffer:64MB
292 SimExit
293 Sim process exit
